[0.640s] DEBUG:colcon:Command line arguments: ['/home/shashika/anaconda3/bin/colcon', 'list', '-n']
[0.640s] DEBUG:colcon:Parsed command line arguments: Namespace(base_paths=['.'], build_base='build', ignore_user_meta=False, log_base=None, log_level=None, main=<bound method ListVerb.main of <colcon_package_information.verb.list.ListVerb object at 0x7fb6006b09d0>>, metas=['./colcon.meta'], names_only=True, packages_above=None, packages_above_and_dependencies=None, packages_above_depth=None, packages_end=None, packages_ignore=None, packages_ignore_regex=None, packages_select=None, packages_select_build_failed=False, packages_select_by_dep=None, packages_select_regex=None, packages_select_test_failures=False, packages_skip=None, packages_skip_build_finished=False, packages_skip_by_dep=None, packages_skip_regex=None, packages_skip_test_passed=False, packages_skip_up_to=None, packages_start=None, packages_up_to=None, packages_up_to_regex=None, paths=None, paths_only=False, topological_graph=False, topological_graph_density=False, topological_graph_dot=False, topological_graph_dot_cluster=False, topological_graph_dot_include_skipped=False, topological_graph_legend=False, topological_order=False, verb_extension=<colcon_package_information.verb.list.ListVerb object at 0x7fb6006b09d0>, verb_name='list', verb_parser=<colcon_defaults.argument_parser.defaults.DefaultArgumentsDecorator object at 0x7fb6006bfdd0>)
[0.742s] Level 1:colcon.colcon_core.package_discovery:discover_packages(colcon_meta) check parameters
[0.742s] Level 1:colcon.colcon_core.package_discovery:discover_packages(recursive) check parameters
[0.742s] Level 1:colcon.colcon_core.package_discovery:discover_packages(ignore) check parameters
[0.742s] Level 1:colcon.colcon_core.package_discovery:discover_packages(path) check parameters
[0.742s] Level 1:colcon.colcon_core.package_discovery:discover_packages(colcon_meta) discover
[0.742s] Level 1:colcon.colcon_core.package_discovery:discover_packages(recursive) discover
[0.742s] INFO:colcon.colcon_core.package_discovery:Crawling recursively for packages in '/home/shashika/git_projects/finalcv/Shashika007.github.io'
[0.742s] Level 1:colcon.colcon_core.package_identification:_identify(.) by extensions ['ignore', 'ignore_ament_install']
[0.742s] Level 1:colcon.colcon_core.package_identification:_identify(.) by extension 'ignore'
[0.743s] Level 1:colcon.colcon_core.package_identification:_identify(.) by extension 'ignore_ament_install'
[0.743s] Level 1:colcon.colcon_core.package_identification:_identify(.) by extensions ['colcon_pkg']
[0.743s] Level 1:colcon.colcon_core.package_identification:_identify(.) by extension 'colcon_pkg'
[0.743s] Level 1:colcon.colcon_core.package_identification:_identify(.) by extensions ['colcon_meta']
[0.743s] Level 1:colcon.colcon_core.package_identification:_identify(.) by extension 'colcon_meta'
[0.743s] Level 1:colcon.colcon_core.package_identification:_identify(.) by extensions ['ros']
[0.743s] Level 1:colcon.colcon_core.package_identification:_identify(.) by extension 'ros'
[0.763s] Level 1:colcon.colcon_core.package_identification:_identify(.) by extensions ['cmake', 'python']
[0.763s] Level 1:colcon.colcon_core.package_identification:_identify(.) by extension 'cmake'
[0.763s] Level 1:colcon.colcon_core.package_identification:_identify(.) by extension 'python'
[0.763s] Level 1:colcon.colcon_core.package_identification:_identify(.) by extensions ['python_setup_py']
[0.763s] Level 1:colcon.colcon_core.package_identification:_identify(.) by extension 'python_setup_py'
[0.763s] Level 1:colcon.colcon_core.package_identification:_identify(assets) by extensions ['ignore', 'ignore_ament_install']
[0.763s] Level 1:colcon.colcon_core.package_identification:_identify(assets) by extension 'ignore'
[0.763s] Level 1:colcon.colcon_core.package_identification:_identify(assets) by extension 'ignore_ament_install'
[0.763s] Level 1:colcon.colcon_core.package_identification:_identify(assets) by extensions ['colcon_pkg']
[0.763s] Level 1:colcon.colcon_core.package_identification:_identify(assets) by extension 'colcon_pkg'
[0.763s] Level 1:colcon.colcon_core.package_identification:_identify(assets) by extensions ['colcon_meta']
[0.764s] Level 1:colcon.colcon_core.package_identification:_identify(assets) by extension 'colcon_meta'
[0.764s] Level 1:colcon.colcon_core.package_identification:_identify(assets) by extensions ['ros']
[0.764s] Level 1:colcon.colcon_core.package_identification:_identify(assets) by extension 'ros'
[0.764s] Level 1:colcon.colcon_core.package_identification:_identify(assets) by extensions ['cmake', 'python']
[0.764s] Level 1:colcon.colcon_core.package_identification:_identify(assets) by extension 'cmake'
[0.764s] Level 1:colcon.colcon_core.package_identification:_identify(assets) by extension 'python'
[0.764s] Level 1:colcon.colcon_core.package_identification:_identify(assets) by extensions ['python_setup_py']
[0.764s] Level 1:colcon.colcon_core.package_identification:_identify(assets) by extension 'python_setup_py'
[0.764s] Level 1:colcon.colcon_core.package_identification:_identify(assets/css) by extensions ['ignore', 'ignore_ament_install']
[0.764s] Level 1:colcon.colcon_core.package_identification:_identify(assets/css) by extension 'ignore'
[0.764s] Level 1:colcon.colcon_core.package_identification:_identify(assets/css) by extension 'ignore_ament_install'
[0.764s] Level 1:colcon.colcon_core.package_identification:_identify(assets/css) by extensions ['colcon_pkg']
[0.764s] Level 1:colcon.colcon_core.package_identification:_identify(assets/css) by extension 'colcon_pkg'
[0.764s] Level 1:colcon.colcon_core.package_identification:_identify(assets/css) by extensions ['colcon_meta']
[0.764s] Level 1:colcon.colcon_core.package_identification:_identify(assets/css) by extension 'colcon_meta'
[0.764s] Level 1:colcon.colcon_core.package_identification:_identify(assets/css) by extensions ['ros']
[0.764s] Level 1:colcon.colcon_core.package_identification:_identify(assets/css) by extension 'ros'
[0.765s] Level 1:colcon.colcon_core.package_identification:_identify(assets/css) by extensions ['cmake', 'python']
[0.765s] Level 1:colcon.colcon_core.package_identification:_identify(assets/css) by extension 'cmake'
[0.765s] Level 1:colcon.colcon_core.package_identification:_identify(assets/css) by extension 'python'
[0.765s] Level 1:colcon.colcon_core.package_identification:_identify(assets/css) by extensions ['python_setup_py']
[0.765s] Level 1:colcon.colcon_core.package_identification:_identify(assets/css) by extension 'python_setup_py'
[0.765s] Level 1:colcon.colcon_core.package_identification:_identify(assets/images) by extensions ['ignore', 'ignore_ament_install']
[0.765s] Level 1:colcon.colcon_core.package_identification:_identify(assets/images) by extension 'ignore'
[0.765s] Level 1:colcon.colcon_core.package_identification:_identify(assets/images) by extension 'ignore_ament_install'
[0.765s] Level 1:colcon.colcon_core.package_identification:_identify(assets/images) by extensions ['colcon_pkg']
[0.765s] Level 1:colcon.colcon_core.package_identification:_identify(assets/images) by extension 'colcon_pkg'
[0.765s] Level 1:colcon.colcon_core.package_identification:_identify(assets/images) by extensions ['colcon_meta']
[0.765s] Level 1:colcon.colcon_core.package_identification:_identify(assets/images) by extension 'colcon_meta'
[0.765s] Level 1:colcon.colcon_core.package_identification:_identify(assets/images) by extensions ['ros']
[0.765s] Level 1:colcon.colcon_core.package_identification:_identify(assets/images) by extension 'ros'
[0.765s] Level 1:colcon.colcon_core.package_identification:_identify(assets/images) by extensions ['cmake', 'python']
[0.765s] Level 1:colcon.colcon_core.package_identification:_identify(assets/images) by extension 'cmake'
[0.766s] Level 1:colcon.colcon_core.package_identification:_identify(assets/images) by extension 'python'
[0.766s] Level 1:colcon.colcon_core.package_identification:_identify(assets/images) by extensions ['python_setup_py']
[0.766s] Level 1:colcon.colcon_core.package_identification:_identify(assets/images) by extension 'python_setup_py'
[0.766s] Level 1:colcon.colcon_core.package_identification:_identify(assets/plugins) by extensions ['ignore', 'ignore_ament_install']
[0.766s] Level 1:colcon.colcon_core.package_identification:_identify(assets/plugins) by extension 'ignore'
[0.766s] Level 1:colcon.colcon_core.package_identification:_identify(assets/plugins) by extension 'ignore_ament_install'
[0.766s] Level 1:colcon.colcon_core.package_identification:_identify(assets/plugins) by extensions ['colcon_pkg']
[0.766s] Level 1:colcon.colcon_core.package_identification:_identify(assets/plugins) by extension 'colcon_pkg'
[0.767s] Level 1:colcon.colcon_core.package_identification:_identify(assets/plugins) by extensions ['colcon_meta']
[0.767s] Level 1:colcon.colcon_core.package_identification:_identify(assets/plugins) by extension 'colcon_meta'
[0.767s] Level 1:colcon.colcon_core.package_identification:_identify(assets/plugins) by extensions ['ros']
[0.767s] Level 1:colcon.colcon_core.package_identification:_identify(assets/plugins) by extension 'ros'
[0.767s] Level 1:colcon.colcon_core.package_identification:_identify(assets/plugins) by extensions ['cmake', 'python']
[0.767s] Level 1:colcon.colcon_core.package_identification:_identify(assets/plugins) by extension 'cmake'
[0.767s] Level 1:colcon.colcon_core.package_identification:_identify(assets/plugins) by extension 'python'
[0.767s] Level 1:colcon.colcon_core.package_identification:_identify(assets/plugins) by extensions ['python_setup_py']
[0.767s] Level 1:colcon.colcon_core.package_identification:_identify(assets/plugins) by extension 'python_setup_py'
[0.768s] Level 1:colcon.colcon_core.package_identification:_identify(assets/plugins/bootstrap) by extensions ['ignore', 'ignore_ament_install']
[0.768s] Level 1:colcon.colcon_core.package_identification:_identify(assets/plugins/bootstrap) by extension 'ignore'
[0.768s] Level 1:colcon.colcon_core.package_identification:_identify(assets/plugins/bootstrap) by extension 'ignore_ament_install'
[0.768s] Level 1:colcon.colcon_core.package_identification:_identify(assets/plugins/bootstrap) by extensions ['colcon_pkg']
[0.768s] Level 1:colcon.colcon_core.package_identification:_identify(assets/plugins/bootstrap) by extension 'colcon_pkg'
[0.768s] Level 1:colcon.colcon_core.package_identification:_identify(assets/plugins/bootstrap) by extensions ['colcon_meta']
[0.768s] Level 1:colcon.colcon_core.package_identification:_identify(assets/plugins/bootstrap) by extension 'colcon_meta'
[0.768s] Level 1:colcon.colcon_core.package_identification:_identify(assets/plugins/bootstrap) by extensions ['ros']
[0.768s] Level 1:colcon.colcon_core.package_identification:_identify(assets/plugins/bootstrap) by extension 'ros'
[0.768s] Level 1:colcon.colcon_core.package_identification:_identify(assets/plugins/bootstrap) by extensions ['cmake', 'python']
[0.768s] Level 1:colcon.colcon_core.package_identification:_identify(assets/plugins/bootstrap) by extension 'cmake'
[0.768s] Level 1:colcon.colcon_core.package_identification:_identify(assets/plugins/bootstrap) by extension 'python'
[0.768s] Level 1:colcon.colcon_core.package_identification:_identify(assets/plugins/bootstrap) by extensions ['python_setup_py']
[0.768s] Level 1:colcon.colcon_core.package_identification:_identify(assets/plugins/bootstrap) by extension 'python_setup_py'
[0.769s] Level 1:colcon.colcon_core.package_identification:_identify(assets/plugins/bootstrap/css) by extensions ['ignore', 'ignore_ament_install']
[0.769s] Level 1:colcon.colcon_core.package_identification:_identify(assets/plugins/bootstrap/css) by extension 'ignore'
[0.769s] Level 1:colcon.colcon_core.package_identification:_identify(assets/plugins/bootstrap/css) by extension 'ignore_ament_install'
[0.769s] Level 1:colcon.colcon_core.package_identification:_identify(assets/plugins/bootstrap/css) by extensions ['colcon_pkg']
[0.769s] Level 1:colcon.colcon_core.package_identification:_identify(assets/plugins/bootstrap/css) by extension 'colcon_pkg'
[0.769s] Level 1:colcon.colcon_core.package_identification:_identify(assets/plugins/bootstrap/css) by extensions ['colcon_meta']
[0.769s] Level 1:colcon.colcon_core.package_identification:_identify(assets/plugins/bootstrap/css) by extension 'colcon_meta'
[0.769s] Level 1:colcon.colcon_core.package_identification:_identify(assets/plugins/bootstrap/css) by extensions ['ros']
[0.769s] Level 1:colcon.colcon_core.package_identification:_identify(assets/plugins/bootstrap/css) by extension 'ros'
[0.769s] Level 1:colcon.colcon_core.package_identification:_identify(assets/plugins/bootstrap/css) by extensions ['cmake', 'python']
[0.769s] Level 1:colcon.colcon_core.package_identification:_identify(assets/plugins/bootstrap/css) by extension 'cmake'
[0.769s] Level 1:colcon.colcon_core.package_identification:_identify(assets/plugins/bootstrap/css) by extension 'python'
[0.769s] Level 1:colcon.colcon_core.package_identification:_identify(assets/plugins/bootstrap/css) by extensions ['python_setup_py']
[0.769s] Level 1:colcon.colcon_core.package_identification:_identify(assets/plugins/bootstrap/css) by extension 'python_setup_py'
[0.770s] Level 1:colcon.colcon_core.package_identification:_identify(assets/plugins/bootstrap/js) by extensions ['ignore', 'ignore_ament_install']
[0.770s] Level 1:colcon.colcon_core.package_identification:_identify(assets/plugins/bootstrap/js) by extension 'ignore'
[0.770s] Level 1:colcon.colcon_core.package_identification:_identify(assets/plugins/bootstrap/js) by extension 'ignore_ament_install'
[0.770s] Level 1:colcon.colcon_core.package_identification:_identify(assets/plugins/bootstrap/js) by extensions ['colcon_pkg']
[0.770s] Level 1:colcon.colcon_core.package_identification:_identify(assets/plugins/bootstrap/js) by extension 'colcon_pkg'
[0.770s] Level 1:colcon.colcon_core.package_identification:_identify(assets/plugins/bootstrap/js) by extensions ['colcon_meta']
[0.770s] Level 1:colcon.colcon_core.package_identification:_identify(assets/plugins/bootstrap/js) by extension 'colcon_meta'
[0.770s] Level 1:colcon.colcon_core.package_identification:_identify(assets/plugins/bootstrap/js) by extensions ['ros']
[0.770s] Level 1:colcon.colcon_core.package_identification:_identify(assets/plugins/bootstrap/js) by extension 'ros'
[0.770s] Level 1:colcon.colcon_core.package_identification:_identify(assets/plugins/bootstrap/js) by extensions ['cmake', 'python']
[0.770s] Level 1:colcon.colcon_core.package_identification:_identify(assets/plugins/bootstrap/js) by extension 'cmake'
[0.770s] Level 1:colcon.colcon_core.package_identification:_identify(assets/plugins/bootstrap/js) by extension 'python'
[0.770s] Level 1:colcon.colcon_core.package_identification:_identify(assets/plugins/bootstrap/js) by extensions ['python_setup_py']
[0.770s] Level 1:colcon.colcon_core.package_identification:_identify(assets/plugins/bootstrap/js) by extension 'python_setup_py'
[0.771s] Level 1:colcon.colcon_core.package_identification:_identify(assets/scss) by extensions ['ignore', 'ignore_ament_install']
[0.771s] Level 1:colcon.colcon_core.package_identification:_identify(assets/scss) by extension 'ignore'
[0.771s] Level 1:colcon.colcon_core.package_identification:_identify(assets/scss) by extension 'ignore_ament_install'
[0.771s] Level 1:colcon.colcon_core.package_identification:_identify(assets/scss) by extensions ['colcon_pkg']
[0.771s] Level 1:colcon.colcon_core.package_identification:_identify(assets/scss) by extension 'colcon_pkg'
[0.771s] Level 1:colcon.colcon_core.package_identification:_identify(assets/scss) by extensions ['colcon_meta']
[0.771s] Level 1:colcon.colcon_core.package_identification:_identify(assets/scss) by extension 'colcon_meta'
[0.771s] Level 1:colcon.colcon_core.package_identification:_identify(assets/scss) by extensions ['ros']
[0.771s] Level 1:colcon.colcon_core.package_identification:_identify(assets/scss) by extension 'ros'
[0.771s] Level 1:colcon.colcon_core.package_identification:_identify(assets/scss) by extensions ['cmake', 'python']
[0.771s] Level 1:colcon.colcon_core.package_identification:_identify(assets/scss) by extension 'cmake'
[0.771s] Level 1:colcon.colcon_core.package_identification:_identify(assets/scss) by extension 'python'
[0.771s] Level 1:colcon.colcon_core.package_identification:_identify(assets/scss) by extensions ['python_setup_py']
[0.771s] Level 1:colcon.colcon_core.package_identification:_identify(assets/scss) by extension 'python_setup_py'
[0.771s] Level 1:colcon.colcon_core.package_identification:_identify(assets/scss/theme) by extensions ['ignore', 'ignore_ament_install']
[0.772s] Level 1:colcon.colcon_core.package_identification:_identify(assets/scss/theme) by extension 'ignore'
[0.772s] Level 1:colcon.colcon_core.package_identification:_identify(assets/scss/theme) by extension 'ignore_ament_install'
[0.772s] Level 1:colcon.colcon_core.package_identification:_identify(assets/scss/theme) by extensions ['colcon_pkg']
[0.772s] Level 1:colcon.colcon_core.package_identification:_identify(assets/scss/theme) by extension 'colcon_pkg'
[0.772s] Level 1:colcon.colcon_core.package_identification:_identify(assets/scss/theme) by extensions ['colcon_meta']
[0.772s] Level 1:colcon.colcon_core.package_identification:_identify(assets/scss/theme) by extension 'colcon_meta'
[0.772s] Level 1:colcon.colcon_core.package_identification:_identify(assets/scss/theme) by extensions ['ros']
[0.772s] Level 1:colcon.colcon_core.package_identification:_identify(assets/scss/theme) by extension 'ros'
[0.772s] Level 1:colcon.colcon_core.package_identification:_identify(assets/scss/theme) by extensions ['cmake', 'python']
[0.772s] Level 1:colcon.colcon_core.package_identification:_identify(assets/scss/theme) by extension 'cmake'
[0.772s] Level 1:colcon.colcon_core.package_identification:_identify(assets/scss/theme) by extension 'python'
[0.772s] Level 1:colcon.colcon_core.package_identification:_identify(assets/scss/theme) by extensions ['python_setup_py']
[0.772s] Level 1:colcon.colcon_core.package_identification:_identify(assets/scss/theme) by extension 'python_setup_py'
[0.772s] Level 1:colcon.colcon_core.package_identification:_identify(log) by extensions ['ignore', 'ignore_ament_install']
[0.772s] Level 1:colcon.colcon_core.package_identification:_identify(log) by extension 'ignore'
[0.773s] Level 1:colcon.colcon_core.package_identification:_identify(log) ignored
[0.773s] Level 1:colcon.colcon_core.package_discovery:discover_packages(recursive) using defaults
[0.773s] Level 1:colcon.colcon_core.package_discovery:discover_packages(ignore) discover
[0.773s] Level 1:colcon.colcon_core.package_discovery:discover_packages(ignore) using defaults
[0.773s] Level 1:colcon.colcon_core.package_discovery:discover_packages(path) discover
[0.773s] Level 1:colcon.colcon_core.package_discovery:discover_packages(path) using defaults
